<?xml version="1.0" encoding="UTF-8"?>
<testng-results ignored="0" total="1" passed="1" failed="0" skipped="0">
  <reporter-output>
  </reporter-output>
  <suite started-at="2025-11-22T16:33:04 IST" name="Default suite" finished-at="2025-11-22T16:33:04 IST" duration-ms="70">
    <groups>
    </groups>
    <test started-at="2025-11-22T16:33:04 IST" name="Default test" finished-at="2025-11-22T16:33:04 IST" duration-ms="70">
      <class name="Demo.SampleTest">
        <test-method signature="case1()[pri:0, instance:Demo.SampleTest@74f0ea28]" started-at="2025-11-22T16:33:04 IST" name="case1" finished-at="2025-11-22T16:33:04 IST" duration-ms="12" status="PASS">
          <reporter-output>
          </reporter-output>
        </test-method> <!-- case1 -->
      </class> <!-- Demo.SampleTest -->
    </test> <!-- Default test -->
  </suite> <!-- Default suite -->
</testng-results>
