<?xml version="1.0" encoding="UTF-8"?>
<testng-results ignored="0" total="1" passed="1" failed="0" skipped="0">
  <reporter-output>
  </reporter-output>
  <suite started-at="2025-11-27T00:13:22 IST" name="Default suite" finished-at="2025-11-27T00:13:27 IST" duration-ms="5256">
    <groups>
    </groups>
    <test started-at="2025-11-27T00:13:22 IST" name="Default test" finished-at="2025-11-27T00:13:27 IST" duration-ms="5256">
      <class name="creatorapp.Login">
        <test-method is-config="true" signature="openBrowser()[pri:0, instance:creatorapp.Login@54d9d12d]" started-at="2025-11-27T00:13:22 IST" name="openBrowser" finished-at="2025-11-27T00:13:26 IST" duration-ms="4047" status="PASS">
          <reporter-output>
          </reporter-output>
        </test-method> <!-- openBrowser -->
        <test-method is-config="true" signature="devLogin()[pri:0, instance:creatorapp.Login@54d9d12d]" started-at="2025-11-27T00:13:26 IST" name="devLogin" finished-at="2025-11-27T00:13:27 IST" duration-ms="665" status="PASS">
          <reporter-output>
          </reporter-output>
        </test-method> <!-- devLogin -->
        <test-method signature="Signinbutton()[pri:0, instance:creatorapp.Login@54d9d12d]" started-at="2025-11-27T00:13:27 IST" name="Signinbutton" finished-at="2025-11-27T00:13:27 IST" duration-ms="203" status="PASS">
          <reporter-output>
          </reporter-output>
        </test-method> <!-- Signinbutton -->
        <test-method is-config="true" signature="closeBroswer()[pri:0, instance:creatorapp.Login@54d9d12d]" started-at="2025-11-27T00:13:27 IST" name="closeBroswer" finished-at="2025-11-27T00:13:27 IST" duration-ms="282" status="PASS">
          <reporter-output>
          </reporter-output>
        </test-method> <!-- closeBroswer -->
      </class> <!-- creatorapp.Login -->
    </test> <!-- Default test -->
  </suite> <!-- Default suite -->
</testng-results>
